app/build/intermediates/manifest_merge_blame_file/debug/manifest-merger-blame-debug-report.txt
1<?xml version="1.0" encoding="utf-8"?>
2<manifest xmlns:android="http://schemas.android.com/apk/res/android"
3    package="com.example.offlinevotingapp"
4    android:versionCode="1"
5    android:versionName="1.0" >
6
7    <uses-sdk
8        android:minSdkVersion="24"
9        android:targetSdkVersion="34" />
10
11    <!-- Permissions -->
12    <uses-permission android:name="android.permission.CAMERA" />
12-->src\main\AndroidManifest.xml:5:5-65
12-->src\main\AndroidManifest.xml:5:22-62
13
14    <!-- Camera feature -->
15    <uses-feature
15-->src\main\AndroidManifest.xml:8:5-10:36
16        android:name="android.hardware.camera"
16-->src\main\AndroidManifest.xml:9:9-47
17        android:required="false" />
17-->src\main\AndroidManifest.xml:10:9-33
18    <uses-feature
18-->[com.journeyapps:zxing-android-embedded:4.3.0] AndroidManifest.xml:28:5-30:36
19        android:name="android.hardware.camera.front"
19-->[com.journeyapps:zxing-android-embedded:4.3.0] AndroidManifest.xml:29:9-53
20        android:required="false" /> <!-- TODO replace above two with next line after Android 4.2 -->
20-->[com.journeyapps:zxing-android-embedded:4.3.0] AndroidManifest.xml:30:9-33
21    <!-- <uses-feature android:name="android.hardware.camera.any"/> -->
22    <uses-feature
22-->[com.journeyapps:zxing-android-embedded:4.3.0] AndroidManifest.xml:33:5-35:36
23        android:name="android.hardware.camera.autofocus"
23-->[com.journeyapps:zxing-android-embedded:4.3.0] AndroidManifest.xml:34:9-57
24        android:required="false" />
24-->[com.journeyapps:zxing-android-embedded:4.3.0] AndroidManifest.xml:35:9-33
25    <uses-feature
25-->[com.journeyapps:zxing-android-embedded:4.3.0] AndroidManifest.xml:36:5-38:36
26        android:name="android.hardware.camera.flash"
26-->[com.journeyapps:zxing-android-embedded:4.3.0] AndroidManifest.xml:37:9-53
27        android:required="false" />
27-->[com.journeyapps:zxing-android-embedded:4.3.0] AndroidManifest.xml:38:9-33
28    <uses-feature
28-->[com.journeyapps:zxing-android-embedded:4.3.0] AndroidManifest.xml:39:5-41:36
29        android:name="android.hardware.screen.landscape"
29-->[com.journeyapps:zxing-android-embedded:4.3.0] AndroidManifest.xml:40:9-57
30        android:required="false" />
30-->[com.journeyapps:zxing-android-embedded:4.3.0] AndroidManifest.xml:41:9-33
31    <uses-feature
31-->[com.journeyapps:zxing-android-embedded:4.3.0] AndroidManifest.xml:42:5-44:36
32        android:name="android.hardware.wifi"
32-->[com.journeyapps:zxing-android-embedded:4.3.0] AndroidManifest.xml:43:9-45
33        android:required="false" />
33-->[com.journeyapps:zxing-android-embedded:4.3.0] AndroidManifest.xml:44:9-33
34
35    <permission
35-->[androidx.core:core:1.9.0] AndroidManifest.xml:22:5-24:47
36        android:name="com.example.offlinevotingapp.DYNAMIC_RECEIVER_NOT_EXPORTED_PERMISSION"
36-->[androidx.core:core:1.9.0] AndroidManifest.xml:23:9-81
37        android:protectionLevel="signature" />
37-->[androidx.core:core:1.9.0] AndroidManifest.xml:24:9-44
38
39    <uses-permission android:name="com.example.offlinevotingapp.DYNAMIC_RECEIVER_NOT_EXPORTED_PERMISSION" />
39-->[androidx.core:core:1.9.0] AndroidManifest.xml:26:5-97
39-->[androidx.core:core:1.9.0] AndroidManifest.xml:26:22-94
40
41    <application
41-->src\main\AndroidManifest.xml:12:5-67:19
42        android:allowBackup="true"
42-->src\main\AndroidManifest.xml:13:9-35
43        android:appComponentFactory="androidx.core.app.CoreComponentFactory"
43-->[androidx.core:core:1.9.0] AndroidManifest.xml:28:18-86
44        android:debuggable="true"
45        android:extractNativeLibs="false"
46        android:icon="@mipmap/ic_launcher"
46-->src\main\AndroidManifest.xml:14:9-43
47        android:label="@string/app_name"
47-->src\main\AndroidManifest.xml:15:9-41
48        android:roundIcon="@mipmap/ic_launcher_round"
48-->src\main\AndroidManifest.xml:16:9-54
49        android:supportsRtl="true"
49-->src\main\AndroidManifest.xml:17:9-35
50        android:testOnly="true"
51        android:theme="@style/Theme.OfflineVotingApp" >
51-->src\main\AndroidManifest.xml:18:9-54
52        <activity
52-->src\main\AndroidManifest.xml:20:9-29:20
53            android:name="com.example.offlinevotingapp.activities.MainActivity"
53-->src\main\AndroidManifest.xml:21:13-52
54            android:exported="true"
54-->src\main\AndroidManifest.xml:22:13-36
55            android:launchMode="singleTop"
55-->src\main\AndroidManifest.xml:23:13-43
56            android:screenOrientation="portrait" >
56-->src\main\AndroidManifest.xml:24:13-49
57            <intent-filter>
57-->src\main\AndroidManifest.xml:25:13-28:29
58                <action android:name="android.intent.action.MAIN" />
58-->src\main\AndroidManifest.xml:26:17-69
58-->src\main\AndroidManifest.xml:26:25-66
59
60                <category android:name="android.intent.category.LAUNCHER" />
60-->src\main\AndroidManifest.xml:27:17-77
60-->src\main\AndroidManifest.xml:27:27-74
61            </intent-filter>
62        </activity>
63        <activity
63-->src\main\AndroidManifest.xml:31:9-35:58
64            android:name="com.example.offlinevotingapp.activities.CreatePollActivity"
64-->src\main\AndroidManifest.xml:32:13-58
65            android:exported="false"
65-->src\main\AndroidManifest.xml:33:13-37
66            android:screenOrientation="portrait"
66-->src\main\AndroidManifest.xml:34:13-49
67            android:windowSoftInputMode="adjustResize" />
67-->src\main\AndroidManifest.xml:35:13-55
68        <activity
68-->src\main\AndroidManifest.xml:37:9-40:52
69            android:name="com.example.offlinevotingapp.activities.ShowQRActivity"
69-->src\main\AndroidManifest.xml:38:13-54
70            android:exported="false"
70-->src\main\AndroidManifest.xml:39:13-37
71            android:screenOrientation="portrait" />
71-->src\main\AndroidManifest.xml:40:13-49
72        <activity
72-->src\main\AndroidManifest.xml:42:9-45:52
73            android:name="com.example.offlinevotingapp.activities.ScanPollActivity"
73-->src\main\AndroidManifest.xml:43:13-56
74            android:exported="false"
74-->src\main\AndroidManifest.xml:44:13-37
75            android:screenOrientation="portrait" />
75-->src\main\AndroidManifest.xml:45:13-49
76        <activity
76-->src\main\AndroidManifest.xml:47:9-50:52
77            android:name="com.example.offlinevotingapp.activities.VoteActivity"
77-->src\main\AndroidManifest.xml:48:13-52
78            android:exported="false"
78-->src\main\AndroidManifest.xml:49:13-37
79            android:screenOrientation="portrait" />
79-->src\main\AndroidManifest.xml:50:13-49
80        <activity
80-->src\main\AndroidManifest.xml:52:9-55:52
81            android:name="com.example.offlinevotingapp.activities.ResultActivity"
81-->src\main\AndroidManifest.xml:53:13-54
82            android:exported="false"
82-->src\main\AndroidManifest.xml:54:13-37
83            android:screenOrientation="portrait" />
83-->src\main\AndroidManifest.xml:55:13-49
84        <activity
84-->src\main\AndroidManifest.xml:57:9-60:52
85            android:name="com.example.offlinevotingapp.activities.ScanVoteActivity"
85-->src\main\AndroidManifest.xml:58:13-56
86            android:exported="false"
86-->src\main\AndroidManifest.xml:59:13-37
87            android:screenOrientation="portrait" />
87-->src\main\AndroidManifest.xml:60:13-49
88        <activity
88-->src\main\AndroidManifest.xml:62:9-65:52
89            android:name="com.example.offlinevotingapp.activities.RegistrationActivity"
89-->src\main\AndroidManifest.xml:63:13-60
90            android:exported="false"
90-->src\main\AndroidManifest.xml:64:13-37
91            android:screenOrientation="portrait" />
91-->src\main\AndroidManifest.xml:65:13-49
92
93        <service
93-->[androidx.room:room-runtime:2.6.1] AndroidManifest.xml:24:9-28:63
94            android:name="androidx.room.MultiInstanceInvalidationService"
94-->[androidx.room:room-runtime:2.6.1] AndroidManifest.xml:25:13-74
95            android:directBootAware="true"
95-->[androidx.room:room-runtime:2.6.1] AndroidManifest.xml:26:13-43
96            android:exported="false" />
96-->[androidx.room:room-runtime:2.6.1] AndroidManifest.xml:27:13-37
97
98        <activity
98-->[com.journeyapps:zxing-android-embedded:4.3.0] AndroidManifest.xml:47:9-53:63
99            android:name="com.journeyapps.barcodescanner.CaptureActivity"
99-->[com.journeyapps:zxing-android-embedded:4.3.0] AndroidManifest.xml:48:13-74
100            android:clearTaskOnLaunch="true"
100-->[com.journeyapps:zxing-android-embedded:4.3.0] AndroidManifest.xml:49:13-45
101            android:screenOrientation="sensorLandscape"
101-->[com.journeyapps:zxing-android-embedded:4.3.0] AndroidManifest.xml:50:13-56
102            android:stateNotNeeded="true"
102-->[com.journeyapps:zxing-android-embedded:4.3.0] AndroidManifest.xml:51:13-42
103            android:theme="@style/zxing_CaptureTheme"
103-->[com.journeyapps:zxing-android-embedded:4.3.0] AndroidManifest.xml:52:13-54
104            android:windowSoftInputMode="stateAlwaysHidden" />
104-->[com.journeyapps:zxing-android-embedded:4.3.0] AndroidManifest.xml:53:13-60
105
106        <provider
106-->[androidx.emoji2:emoji2:1.2.0] AndroidManifest.xml:24:9-32:20
107            android:name="androidx.startup.InitializationProvider"
107-->[androidx.emoji2:emoji2:1.2.0] AndroidManifest.xml:25:13-67
108            android:authorities="com.example.offlinevotingapp.androidx-startup"
108-->[androidx.emoji2:emoji2:1.2.0] AndroidManifest.xml:26:13-68
109            android:exported="false" >
109-->[androidx.emoji2:emoji2:1.2.0] AndroidManifest.xml:27:13-37
110            <meta-data
110-->[androidx.emoji2:emoji2:1.2.0] AndroidManifest.xml:29:13-31:52
111                android:name="androidx.emoji2.text.EmojiCompatInitializer"
111-->[androidx.emoji2:emoji2:1.2.0] AndroidManifest.xml:30:17-75
112                android:value="androidx.startup" />
112-->[androidx.emoji2:emoji2:1.2.0] AndroidManifest.xml:31:17-49
113            <meta-data
113-->[androidx.lifecycle:lifecycle-process:2.6.1] AndroidManifest.xml:29:13-31:52
114                android:name="androidx.lifecycle.ProcessLifecycleInitializer"
114-->[androidx.lifecycle:lifecycle-process:2.6.1] AndroidManifest.xml:30:17-78
115                android:value="androidx.startup" />
115-->[androidx.lifecycle:lifecycle-process:2.6.1] AndroidManifest.xml:31:17-49
116            <meta-data
116-->[androidx.profileinstaller:profileinstaller:1.3.0] AndroidManifest.xml:29:13-31:52
117                android:name="androidx.profileinstaller.ProfileInstallerInitializer"
117-->[androidx.profileinstaller:profileinstaller:1.3.0] AndroidManifest.xml:30:17-85
118                android:value="androidx.startup" />
118-->[androidx.profileinstaller:profileinstaller:1.3.0] AndroidManifest.xml:31:17-49
119        </provider>
120
121        <receiver
121-->[androidx.profileinstaller:profileinstaller:1.3.0] AndroidManifest.xml:34:9-52:20
122            android:name="androidx.profileinstaller.ProfileInstallReceiver"
122-->[androidx.profileinstaller:profileinstaller:1.3.0] AndroidManifest.xml:35:13-76
123            android:directBootAware="false"
123-->[androidx.profileinstaller:profileinstaller:1.3.0] AndroidManifest.xml:36:13-44
124            android:enabled="true"
124-->[androidx.profileinstaller:profileinstaller:1.3.0] AndroidManifest.xml:37:13-35
125            android:exported="true"
125-->[androidx.profileinstaller:profileinstaller:1.3.0] AndroidManifest.xml:38:13-36
126            android:permission="android.permission.DUMP" >
126-->[androidx.profileinstaller:profileinstaller:1.3.0] AndroidManifest.xml:39:13-57
127            <intent-filter>
127-->[androidx.profileinstaller:profileinstaller:1.3.0] AndroidManifest.xml:40:13-42:29
128                <action android:name="androidx.profileinstaller.action.INSTALL_PROFILE" />
128-->[androidx.profileinstaller:profileinstaller:1.3.0] AndroidManifest.xml:41:17-91
128-->[androidx.profileinstaller:profileinstaller:1.3.0] AndroidManifest.xml:41:25-88
129            </intent-filter>
130            <intent-filter>
130-->[androidx.profileinstaller:profileinstaller:1.3.0] AndroidManifest.xml:43:13-45:29
131                <action android:name="androidx.profileinstaller.action.SKIP_FILE" />
131-->[androidx.profileinstaller:profileinstaller:1.3.0] AndroidManifest.xml:44:17-85
131-->[androidx.profileinstaller:profileinstaller:1.3.0] AndroidManifest.xml:44:25-82
132            </intent-filter>
133            <intent-filter>
133-->[androidx.profileinstaller:profileinstaller:1.3.0] AndroidManifest.xml:46:13-48:29
134                <action android:name="androidx.profileinstaller.action.SAVE_PROFILE" />
134-->[androidx.profileinstaller:profileinstaller:1.3.0] AndroidManifest.xml:47:17-88
134-->[androidx.profileinstaller:profileinstaller:1.3.0] AndroidManifest.xml:47:25-85
135            </intent-filter>
136            <intent-filter>
136-->[androidx.profileinstaller:profileinstaller:1.3.0] AndroidManifest.xml:49:13-51:29
137                <action android:name="androidx.profileinstaller.action.BENCHMARK_OPERATION" />
137-->[androidx.profileinstaller:profileinstaller:1.3.0] AndroidManifest.xml:50:17-95
137-->[androidx.profileinstaller:profileinstaller:1.3.0] AndroidManifest.xml:50:25-92
138            </intent-filter>
139        </receiver>
140    </application>
141
142</manifest>